2025-04-22 12:07:21.534  INFO [configserver,,] [SpringApplicationShutdownHook] o.s.b.w.e.t.GracefulShutdown - Commencing graceful shutdown. Waiting for active requests to complete
2025-04-22 12:07:21.548  INFO [configserver,,] [tomcat-shutdown] o.s.b.w.e.t.GracefulShutdown - Graceful shutdown complete
2025-04-22 13:01:18.659  INFO [configserver,,] [main] c.e.c.ConfigserverApplication - Starting ConfigserverApplication using Java 21.0.6 with PID 195086 (/home/potatohuman/Workspaces/mzs/DEMO/course-spring-microservices-eazybytes/code/configserver/target/classes started by potatohuman in /home/potatohuman/Workspaces/mzs/DEMO/course-spring-microservices-eazybytes/code/configserver)
2025-04-22 13:01:18.663 DEBUG [configserver,,] [main] c.e.c.ConfigserverApplication - Running with Spring Boot v3.4.4, Spring v6.2.5
2025-04-22 13:01:18.665  INFO [configserver,,] [main] c.e.c.ConfigserverApplication - The following 1 profile is active: "git"
2025-04-22 13:01:21.404  INFO [configserver,,] [main] o.s.c.c.s.GenericScope - BeanFactory id=92b412a9-0e77-313a-bf44-5825a3961245
2025-04-22 13:01:22.475  INFO [configserver,,] [main] o.s.b.w.e.t.TomcatWebServer - Tomcat initialized with port 8071 (http)
2025-04-22 13:01:22.542  INFO [configserver,,] [main] o.a.c.c.StandardService - Starting service [Tomcat]
2025-04-22 13:01:22.544  INFO [configserver,,] [main] o.a.c.c.StandardEngine - Starting Servlet engine: [Apache Tomcat/10.1.39]
2025-04-22 13:01:22.748  INFO [configserver,,] [main] o.a.c.c.C.[.[.[/] - Initializing Spring embedded WebApplicationContext
2025-04-22 13:01:22.750  INFO [configserver,,] [main] o.s.b.w.s.c.ServletWebServerApplicationContext - Root WebApplicationContext: initialization completed in 3966 ms
2025-04-22 13:01:27.538  INFO [configserver,,] [main] o.s.b.a.e.w.EndpointLinksResolver - Exposing 17 endpoints beneath base path '/actuator'
2025-04-22 13:01:27.943  INFO [configserver,,] [main] o.s.b.w.e.t.TomcatWebServer - Tomcat started on port 8071 (http) with context path '/'
2025-04-22 13:01:28.083  INFO [configserver,,] [main] c.e.c.ConfigserverApplication - Started ConfigserverApplication in 11.02 seconds (process running for 12.329)
2025-04-22 14:18:56.960  INFO [configserver,,] [SpringApplicationShutdownHook] o.s.b.w.e.t.GracefulShutdown - Commencing graceful shutdown. Waiting for active requests to complete
2025-04-22 14:18:56.981  INFO [configserver,,] [tomcat-shutdown] o.s.b.w.e.t.GracefulShutdown - Graceful shutdown complete
2025-04-22 14:20:38.406  INFO [configserver,,] [main] c.e.c.ConfigserverApplication - Starting ConfigserverApplication using Java 21.0.6 with PID 237714 (/home/potatohuman/Workspaces/mzs/DEMO/course-spring-microservices-eazybytes/code/configserver/target/classes started by potatohuman in /home/potatohuman/Workspaces/mzs/DEMO/course-spring-microservices-eazybytes/code/configserver)
2025-04-22 14:20:38.411 DEBUG [configserver,,] [main] c.e.c.ConfigserverApplication - Running with Spring Boot v3.4.4, Spring v6.2.5
2025-04-22 14:20:38.414  INFO [configserver,,] [main] c.e.c.ConfigserverApplication - The following 1 profile is active: "git"
2025-04-22 14:20:48.716  INFO [configserver,,] [main] o.s.c.c.s.GenericScope - BeanFactory id=92b412a9-0e77-313a-bf44-5825a3961245
2025-04-22 14:20:52.306  INFO [configserver,,] [main] o.s.b.w.e.t.TomcatWebServer - Tomcat initialized with port 8071 (http)
2025-04-22 14:20:52.541  INFO [configserver,,] [main] o.a.c.c.StandardService - Starting service [Tomcat]
2025-04-22 14:20:52.542  INFO [configserver,,] [main] o.a.c.c.StandardEngine - Starting Servlet engine: [Apache Tomcat/10.1.39]
2025-04-22 14:20:52.892  INFO [configserver,,] [main] o.a.c.c.C.[.[.[/] - Initializing Spring embedded WebApplicationContext
2025-04-22 14:20:52.893  INFO [configserver,,] [main] o.s.b.w.s.c.ServletWebServerApplicationContext - Root WebApplicationContext: initialization completed in 13909 ms
2025-04-22 14:20:58.530  INFO [configserver,,] [main] o.s.b.a.e.w.EndpointLinksResolver - Exposing 17 endpoints beneath base path '/actuator'
2025-04-22 14:20:59.196  INFO [configserver,,] [main] o.s.b.w.e.t.TomcatWebServer - Tomcat started on port 8071 (http) with context path '/'
2025-04-22 14:20:59.268  INFO [configserver,,] [main] c.e.c.ConfigserverApplication - Started ConfigserverApplication in 24.035 seconds (process running for 26.699)
2025-04-22 14:23:08.188  INFO [configserver,,] [SpringApplicationShutdownHook] o.s.b.w.e.t.GracefulShutdown - Commencing graceful shutdown. Waiting for active requests to complete
2025-04-22 14:23:08.203  INFO [configserver,,] [tomcat-shutdown] o.s.b.w.e.t.GracefulShutdown - Graceful shutdown complete
2025-04-22 21:35:33.320  INFO [configserver,,] [main] c.e.c.ConfigserverApplication - Starting ConfigserverApplication using Java 21.0.6 with PID 365274 (/home/potatohuman/Workspaces/mzs/DEMO/course-spring-microservices-eazybytes/code/configserver/target/classes started by potatohuman in /home/potatohuman/Workspaces/mzs/DEMO/course-spring-microservices-eazybytes/code/configserver)
2025-04-22 21:35:33.325 DEBUG [configserver,,] [main] c.e.c.ConfigserverApplication - Running with Spring Boot v3.4.4, Spring v6.2.5
2025-04-22 21:35:33.329  INFO [configserver,,] [main] c.e.c.ConfigserverApplication - The following 1 profile is active: "git"
2025-04-22 21:35:37.097  INFO [configserver,,] [main] o.s.c.c.s.GenericScope - BeanFactory id=41a18e3e-8fe4-3465-9675-09c3c2d8271b
2025-04-22 21:35:38.093  INFO [configserver,,] [main] o.s.b.w.e.t.TomcatWebServer - Tomcat initialized with port 8071 (http)
2025-04-22 21:35:38.162  INFO [configserver,,] [main] o.a.c.c.StandardService - Starting service [Tomcat]
2025-04-22 21:35:38.164  INFO [configserver,,] [main] o.a.c.c.StandardEngine - Starting Servlet engine: [Apache Tomcat/10.1.39]
2025-04-22 21:35:38.360  INFO [configserver,,] [main] o.a.c.c.C.[.[.[/] - Initializing Spring embedded WebApplicationContext
2025-04-22 21:35:38.362  INFO [configserver,,] [main] o.s.b.w.s.c.ServletWebServerApplicationContext - Root WebApplicationContext: initialization completed in 4888 ms
2025-04-22 21:35:42.530  INFO [configserver,,] [main] o.s.b.a.e.w.EndpointLinksResolver - Exposing 18 endpoints beneath base path '/actuator'
2025-04-22 21:35:42.919  INFO [configserver,,] [main] o.s.b.w.e.t.TomcatWebServer - Tomcat started on port 8071 (http) with context path '/'
2025-04-22 21:35:43.022  INFO [configserver,,] [main] c.e.c.ConfigserverApplication - Started ConfigserverApplication in 11.969 seconds (process running for 13.713)
2025-04-22 21:40:11.100  INFO [configserver,,] [http-nio-8071-exec-1] o.a.c.c.C.[.[.[/] - Initializing Spring DispatcherServlet 'dispatcherServlet'
2025-04-22 21:40:11.101  INFO [configserver,,] [http-nio-8071-exec-1] o.s.w.s.DispatcherServlet - Initializing Servlet 'dispatcherServlet'
2025-04-22 21:40:11.105  INFO [configserver,,] [http-nio-8071-exec-1] o.s.w.s.DispatcherServlet - Completed initialization in 3 ms
2025-04-22 23:05:02.444  INFO [configserver,,] [SpringApplicationShutdownHook] o.s.b.w.e.t.GracefulShutdown - Commencing graceful shutdown. Waiting for active requests to complete
2025-04-22 23:05:02.595  INFO [configserver,,] [tomcat-shutdown] o.s.b.w.e.t.GracefulShutdown - Graceful shutdown complete
2025-04-22 23:05:23.893  INFO [configserver,,] [main] c.e.c.ConfigserverApplication - Starting ConfigserverApplication using Java 21.0.6 with PID 399694 (/home/potatohuman/Workspaces/mzs/DEMO/course-spring-microservices-eazybytes/code/configserver/target/classes started by potatohuman in /home/potatohuman/Workspaces/mzs/DEMO/course-spring-microservices-eazybytes/code/configserver)
2025-04-22 23:05:23.897 DEBUG [configserver,,] [main] c.e.c.ConfigserverApplication - Running with Spring Boot v3.4.4, Spring v6.2.5
2025-04-22 23:05:23.899  INFO [configserver,,] [main] c.e.c.ConfigserverApplication - The following 1 profile is active: "git"
2025-04-22 23:05:26.494  INFO [configserver,,] [main] o.s.c.c.s.GenericScope - BeanFactory id=41a18e3e-8fe4-3465-9675-09c3c2d8271b
2025-04-22 23:05:27.155  INFO [configserver,,] [main] o.s.b.w.e.t.TomcatWebServer - Tomcat initialized with port 8071 (http)
2025-04-22 23:05:27.192  INFO [configserver,,] [main] o.a.c.c.StandardService - Starting service [Tomcat]
2025-04-22 23:05:27.193  INFO [configserver,,] [main] o.a.c.c.StandardEngine - Starting Servlet engine: [Apache Tomcat/10.1.39]
2025-04-22 23:05:27.307  INFO [configserver,,] [main] o.a.c.c.C.[.[.[/] - Initializing Spring embedded WebApplicationContext
2025-04-22 23:05:27.308  INFO [configserver,,] [main] o.s.b.w.s.c.ServletWebServerApplicationContext - Root WebApplicationContext: initialization completed in 3287 ms
2025-04-22 23:05:30.151  INFO [configserver,,] [main] o.s.b.a.e.w.EndpointLinksResolver - Exposing 18 endpoints beneath base path '/actuator'
2025-04-22 23:05:30.342  INFO [configserver,,] [main] o.s.b.w.e.t.TomcatWebServer - Tomcat started on port 8071 (http) with context path '/'
2025-04-22 23:05:30.399  INFO [configserver,,] [main] c.e.c.ConfigserverApplication - Started ConfigserverApplication in 7.995 seconds (process running for 9.429)
2025-04-22 23:08:44.968  INFO [configserver,,] [http-nio-8071-exec-1] o.a.c.c.C.[.[.[/] - Initializing Spring DispatcherServlet 'dispatcherServlet'
2025-04-22 23:08:44.969  INFO [configserver,,] [http-nio-8071-exec-1] o.s.w.s.DispatcherServlet - Initializing Servlet 'dispatcherServlet'
2025-04-22 23:08:44.976  INFO [configserver,,] [http-nio-8071-exec-1] o.s.w.s.DispatcherServlet - Completed initialization in 6 ms
2025-04-22 23:52:00.941  INFO [configserver,,] [SpringApplicationShutdownHook] o.s.b.w.e.t.GracefulShutdown - Commencing graceful shutdown. Waiting for active requests to complete
2025-04-22 23:52:00.953  INFO [configserver,,] [tomcat-shutdown] o.s.b.w.e.t.GracefulShutdown - Graceful shutdown complete
